<?xml version="1.0" encoding="UTF-8"?>
<testng-results ignored="0" total="1" passed="1" failed="0" skipped="0">
  <reporter-output>
  </reporter-output>
  <suite started-at="2026-06-01T00:55:30 GMT-05:00" name="Default suite" finished-at="2026-06-01T00:55:35 GMT-05:00" duration-ms="4796">
    <groups>
    </groups>
    <test started-at="2026-06-01T00:55:30 GMT-05:00" name="Default test" finished-at="2026-06-01T00:55:35 GMT-05:00" duration-ms="4796">
      <class name="Test.LoginTest">
        <test-method signature="logintest()[pri:0, instance:Test.LoginTest@65f8f5ae]" started-at="2026-06-01T00:55:30 GMT-05:00" name="logintest" finished-at="2026-06-01T00:55:35 GMT-05:00" duration-ms="4587" status="PASS">
          <reporter-output>
          </reporter-output>
        </test-method> <!-- logintest -->
      </class> <!-- Test.LoginTest -->
    </test> <!-- Default test -->
  </suite> <!-- Default suite -->
</testng-results>
